{
  "RSpec": {
    "coverage": {
      "C:/Users/maier/RubymineProjects/your_coffee_place_api/spec/helpers/coffee_shop_validator_spec.rb": {
        "lines": [
          1,
          null,
          null,
          null,
          null,
          null,
          null,
          null,
          null,
          null,
          null,
          null,
          1,
          7,
          7,
          7,
          7,
          7,
          7,
          null,
          1,
          1,
          1,
          1,
          1,
          null,
          null,
          null,
          1,
          1,
          1,
          1,
          null,
          null,
          null,
          null,
          1,
          1,
          1,
          1,
          null,
          null,
          null,
          1,
          1,
          1,
          null,
          null,
          null,
          1,
          1,
          1,
          null,
          null,
          null,
          1,
          1,
          1,
          null,
          null,
          null,
          null
        ]
      },
      "C:/Users/maier/RubymineProjects/your_coffee_place_api/spec/rails_helper.rb": {
        "lines": [
          null,
          1,
          1,
          1,
          null,
          1,
          null,
          null,
          null,
          1,
          null,
          null,
          null,
          null,
          null,
          null,
          null,
          null,
          null,
          null,
          null,
          null,
          null,
          null,
          null,
          null,
          null,
          null,
          null,
          null,
          1,
          null,
          0,
          null,
          1,
          null,
          1,
          null,
          null,
          null,
          null,
          null,
          null,
          1,
          null,
          null,
          null,
          null,
          null,
          null,
          null,
          null,
          null,
          null,
          null,
          null,
          null,
          null,
          null,
          null,
          null,
          null,
          null,
          null,
          null,
          null,
          1,
          null,
          null,
          null
        ]
      },
      "C:/Users/maier/RubymineProjects/your_coffee_place_api/config/environment.rb": {
        "lines": [
          null,
          1,
          null,
          null,
          1
        ]
      },
      "C:/Users/maier/RubymineProjects/your_coffee_place_api/config/application.rb": {
        "lines": [
          1,
          null,
          1,
          null,
          null,
          null,
          1,
          null,
          1,
          1,
          null,
          1,
          null,
          null,
          null,
          null,
          1,
          null,
          null,
          null,
          null,
          null,
          null,
          null,
          null,
          null,
          null,
          null,
          null,
          1,
          null,
          null
        ]
      },
      "C:/Users/maier/RubymineProjects/your_coffee_place_api/config/boot.rb": {
        "lines": [
          1,
          null,
          1,
          1
        ]
      },
      "C:/Users/maier/RubymineProjects/your_coffee_place_api/config/environments/test.rb": {
        "lines": [
          null,
          null,
          null,
          null,
          null,
          1,
          null,
          null,
          null,
          1,
          null,
          null,
          1,
          null,
          null,
          null,
          null,
          null,
          1,
          null,
          null,
          1,
          null,
          null,
          1,
          1,
          null,
          null,
          1,
          null,
          null,
          1,
          null,
          null,
          1,
          null,
          null,
          null,
          null,
          1,
          null,
          null,
          1,
          null,
          null,
          1,
          null,
          null,
          null,
          null,
          null,
          null,
          null,
          null,
          1,
          null
        ]
      },
      "C:/Users/maier/RubymineProjects/your_coffee_place_api/config/initializers/cors.rb": {
        "lines": [
          null,
          null,
          null,
          null,
          null,
          null,
          null,
          null,
          null,
          null,
          null,
          null,
          null,
          null,
          null,
          null
        ]
      },
      "C:/Users/maier/RubymineProjects/your_coffee_place_api/config/initializers/filter_parameter_logging.rb": {
        "lines": [
          null,
          null,
          null,
          null,
          null,
          1,
          null,
          null
        ]
      },
      "C:/Users/maier/RubymineProjects/your_coffee_place_api/config/initializers/inflections.rb": {
        "lines": [
          null,
          null,
          null,
          null,
          null,
          null,
          null,
          null,
          null,
          null,
          null,
          null,
          null,
          null,
          null,
          null
        ]
      },
      "C:/Users/maier/RubymineProjects/your_coffee_place_api/app/helpers/coffee_shops_helper.rb": {
        "lines": [
          1,
          1,
          1,
          1,
          null,
          1,
          6,
          null,
          6,
          4,
          4,
          4,
          24,
          null,
          null,
          28,
          4,
          null,
          2,
          null,
          null,
          null,
          1,
          24,
          24,
          24,
          null,
          null,
          1,
          4,
          24,
          null,
          4,
          null,
          null,
          1,
          4,
          4,
          4,
          4,
          null,
          null
        ]
      },
      "C:/Users/maier/RubymineProjects/your_coffee_place_api/app/helpers/csv_helper.rb": {
        "lines": [
          null,
          null,
          1,
          1,
          1,
          null,
          1,
          null,
          9,
          null,
          2,
          null,
          7,
          null,
          null,
          null,
          1,
          null,
          7,
          null,
          1,
          null,
          6,
          null,
          null,
          null
        ]
      },
      "C:/Users/maier/RubymineProjects/your_coffee_place_api/app/helpers/url_helper.rb": {
        "lines": [
          null,
          null,
          1,
          1,
          null,
          1,
          null,
          11,
          null,
          3,
          null,
          8,
          null,
          null,
          null
        ]
      },
      "C:/Users/maier/RubymineProjects/your_coffee_place_api/app/helpers/errors_helper.rb": {
        "lines": [
          null,
          null,
          1,
          null,
          1,
          null,
          1,
          5,
          null,
          5,
          null,
          null,
          null,
          null,
          null
        ]
      },
      "C:/Users/maier/RubymineProjects/your_coffee_place_api/app/helpers/coffee_shop_validator.rb": {
        "lines": [
          null,
          1,
          1,
          6,
          6,
          30,
          29,
          null,
          null,
          null,
          6,
          null,
          null,
          1,
          34,
          34,
          null,
          null
        ]
      },
      "C:/Users/maier/RubymineProjects/your_coffee_place_api/app/helpers/coordinates_helper.rb": {
        "lines": [
          1,
          null,
          1,
          124,
          3,
          null,
          121,
          null,
          null,
          null,
          null,
          null,
          1,
          32,
          null,
          29,
          29,
          29,
          null,
          0,
          null,
          null,
          null,
          1,
          32,
          32,
          123,
          3,
          null,
          null,
          null,
          null
        ]
      },
      "C:/Users/maier/RubymineProjects/your_coffee_place_api/spec/helpers/coffee_shops_helper_spec.rb": {
        "lines": [
          1,
          null,
          null,
          null,
          null,
          null,
          null,
          null,
          null,
          null,
          null,
          null,
          1,
          6,
          6,
          6,
          6,
          6,
          6,
          null,
          1,
          1,
          1,
          1,
          1,
          null,
          null,
          1,
          1,
          1,
          1,
          null,
          null,
          1,
          1,
          1,
          1,
          null,
          null,
          null,
          1,
          1,
          1,
          null,
          null,
          1,
          1,
          null,
          null,
          null,
          null
        ]
      },
      "C:/Users/maier/RubymineProjects/your_coffee_place_api/spec/helpers/coordinates_helper_spec.rb": {
        "lines": [
          1,
          null,
          null,
          null,
          null,
          null,
          null,
          null,
          null,
          null,
          null,
          null,
          1,
          7,
          7,
          7,
          7,
          7,
          7,
          7,
          7,
          7,
          7,
          null,
          1,
          1,
          1,
          1,
          null,
          null,
          null,
          1,
          1,
          1,
          null,
          null,
          null,
          null,
          1,
          1,
          1,
          1,
          null,
          null,
          1,
          1,
          null,
          null,
          1,
          1,
          null,
          null,
          null,
          1,
          1,
          2,
          null,
          null,
          null,
          null
        ]
      },
      "C:/Users/maier/RubymineProjects/your_coffee_place_api/spec/helpers/csv_helper_spec.rb": {
        "lines": [
          1,
          null,
          1,
          7,
          7,
          null,
          1,
          1,
          1,
          1,
          null,
          null,
          1,
          2,
          null,
          null,
          1,
          2,
          null,
          null,
          1,
          1,
          1,
          null,
          null,
          1,
          1,
          1,
          null,
          null,
          1,
          2,
          null,
          null,
          null
        ]
      },
      "C:/Users/maier/RubymineProjects/your_coffee_place_api/spec/helpers/errors_helper_spec.rb": {
        "lines": [
          1,
          null,
          1,
          1,
          1,
          1,
          null,
          null,
          null
        ]
      },
      "C:/Users/maier/RubymineProjects/your_coffee_place_api/spec/helpers/url_helper_spec.rb": {
        "lines": [
          1,
          null,
          1,
          3,
          3,
          null,
          1,
          1,
          1,
          1,
          null,
          null,
          1,
          2,
          null,
          null,
          null
        ]
      },
      "C:/Users/maier/RubymineProjects/your_coffee_place_api/spec/models/coffee_shop_spec.rb": {
        "lines": [
          1,
          null,
          1,
          7,
          null,
          1,
          1,
          1,
          null,
          null,
          null,
          1,
          1,
          1,
          null,
          null,
          null,
          1,
          1,
          1,
          1,
          1,
          1,
          1,
          null,
          null,
          null,
          1,
          1,
          1,
          1,
          1,
          1,
          1,
          null,
          null,
          null,
          1,
          1,
          1,
          1,
          2,
          null,
          null,
          null,
          1,
          1,
          1,
          1,
          2,
          null,
          null,
          null
        ]
      },
      "C:/Users/maier/RubymineProjects/your_coffee_place_api/app/models/coffee_shop.rb": {
        "lines": [
          1,
          1,
          null,
          1,
          1,
          1,
          1,
          1,
          null,
          1,
          null,
          1,
          1,
          1,
          null,
          null,
          null,
          1,
          1,
          null,
          1,
          66,
          66,
          66,
          null,
          null,
          1,
          0,
          null,
          null,
          1,
          28,
          null,
          null,
          null,
          1,
          0,
          null,
          null
        ]
      },
      "C:/Users/maier/RubymineProjects/your_coffee_place_api/spec/models/user_location_spec.rb": {
        "lines": [
          1,
          null,
          1,
          1,
          1,
          1,
          null,
          null,
          null,
          1,
          1,
          1,
          null,
          null,
          null
        ]
      },
      "C:/Users/maier/RubymineProjects/your_coffee_place_api/app/models/user_location.rb": {
        "lines": [
          1,
          null,
          1,
          1,
          1,
          1,
          null,
          1,
          null,
          1,
          1,
          null,
          1,
          1,
          null,
          1,
          8,
          8,
          null,
          null,
          1,
          0,
          null,
          null
        ]
      },
      "C:/Users/maier/RubymineProjects/your_coffee_place_api/spec/requests/coffee_shops_spec.rb": {
        "lines": [
          1,
          null,
          1,
          2,
          2,
          2,
          2,
          null,
          1,
          1,
          1,
          1,
          1,
          null,
          null,
          null,
          null
        ]
      },
      "C:/Users/maier/RubymineProjects/your_coffee_place_api/app/services/errors_service.rb": {
        "lines": [
          1,
          1,
          9,
          null,
          null
        ]
      },
      "C:/Users/maier/RubymineProjects/your_coffee_place_api/config/routes.rb": {
        "lines": [
          1,
          null,
          null,
          null,
          null,
          1,
          1,
          null,
          null,
          null,
          null
        ]
      },
      "C:/Users/maier/RubymineProjects/your_coffee_place_api/app/controllers/coffee_shops_controller.rb": {
        "lines": [
          1,
          1,
          1,
          null,
          null,
          1,
          1,
          1,
          1,
          null,
          null
        ]
      },
      "C:/Users/maier/RubymineProjects/your_coffee_place_api/app/controllers/application_controller.rb": {
        "lines": [
          1,
          null
        ]
      }
    },
    "timestamp": 1742462426
  }
}
